<?xml version="1.0" encoding="UTF-8"?>
<testsuite xmlns:xsi="http://www.w3.org/2001/XMLSchema-instance" xsi:noNamespaceSchemaLocation="https://maven.apache.org/surefire/maven-surefire-plugin/xsd/surefire-test-report.xsd" version="3.0.2" name="com.bit.ai.robot.MybatisPlusTests" time="0.257" tests="1" errors="0" skipped="0" failures="0">
  <properties>
[...]
</properties>
  <testcase name="testInsert" classname="com.bit.ai.robot.MybatisPlusTests" time="0.252">
    <system-out><![CDATA[2026-02-13 01:34:40.889 [main] INFO  org.springframework.test.context.support.AnnotationConfigContextLoaderUtils - Could not detect default configuration classes for test class [com.bit.ai.robot.MybatisPlusTests]: MybatisPlusTests does not declare any static, non-private, non-final, nested classes annotated with @Configuration.
2026-02-13 01:34:40.890 [main] INFO  org.springframework.boot.test.context.SpringBootTestContextBootstrapper - Found @SpringBootConfiguration com.bit.ai.robot.Application for test class com.bit.ai.robot.MybatisPlusTests
2026-02-13 01:34:40.952 [main] INFO  com.zaxxer.hikari.HikariDataSource - AI-Robot-HikariCP - Starting...
2026-02-13 01:34:41.111 [main] INFO  com.zaxxer.hikari.pool.HikariPool - AI-Robot-HikariCP - Added connection com.p6spy.engine.wrapper.ConnectionWrapper@63c17f0
2026-02-13 01:34:41.113 [main] INFO  com.zaxxer.hikari.HikariDataSource - AI-Robot-HikariCP - Start completed.
]]></system-out>
    <system-err><![CDATA[ Consume Time：5 ms 2026-02-13 01:34:41
 Execute SQL：SELECT 1

 Consume Time：17 ms 2026-02-13 01:34:41
 Execute SQL：INSERT INTO t_chat ( uuid, summary, create_time, update_time ) VALUES ( 'aa375696-a738-4ead-95b7-38f0d3ee748f', '新对话', '2026-02-13T01:34:40.894623300', '2026-02-13T01:34:40.894623300' )

]]></system-err>
  </testcase>
</testsuite>